<?xml version="1.0" encoding="UTF-8"?>
<testsuite name="ru.netology.rest.PostmanEcho" tests="1" skipped="0" failures="0" errors="0" timestamp="2023-04-27T19:53:16" hostname="Mikhails-MacBook-Pro.local" time="1.789">
  <properties/>
  <testcase name="Post()" classname="ru.netology.rest.PostmanEcho" time="1.789"/>
  <system-out><![CDATA[]]></system-out>
  <system-err><![CDATA[]]></system-err>
</testsuite>
